<?xml version="1.0" encoding="UTF-8"?>
<!-- Generated by org.testng.reporters.JUnitReportReporter -->
<testsuite hostname="DESKTOP-2F30NUD" failures="0" tests="2" name="groupings.loginTest" time="0.018" errors="0" timestamp="2025-06-10T22:54:57 BST" skipped="0">
  <testcase classname="groupings.loginTest" name="loginByEmail" time="0.017"/>
  <testcase classname="groupings.loginTest" name="loginByFacebook" time="0.001"/>
</testsuite> <!-- groupings.loginTest -->
