<?xml version="1.0" encoding="UTF-8"?>
<!-- Generated by org.testng.reporters.JUnitReportReporter -->
<testsuite hostname="DESKTOP-2F30NUD" failures="0" tests="2" name="groupings.paymentTests" time="0.004" errors="0" timestamp="2025-06-10T22:54:40 BST" skipped="0">
  <testcase classname="groupings.paymentTests" name="paymentinRupees" time="0.002"/>
  <testcase classname="groupings.paymentTests" name="paymentinDollars" time="0.002"/>
</testsuite> <!-- groupings.paymentTests -->
