<?xml version="1.0" encoding="UTF-8"?>
<!-- Generated by org.testng.reporters.JUnitReportReporter -->
<testsuite hostname="DESKTOP-2F30NUD" failures="0" tests="3" name="dependancies.dependentMethods" time="0.021" errors="0" timestamp="2025-06-10T11:33:59 BST" skipped="0">
  <testcase classname="dependancies.dependentMethods" name="openapp" time="0.019"/>
  <testcase classname="dependancies.dependentMethods" name="login" time="0.001"/>
  <testcase classname="dependancies.dependentMethods" name="logout" time="0.001"/>
</testsuite> <!-- dependancies.dependentMethods -->
