<?xml version="1.0" encoding="UTF-8"?>
<!-- Generated by org.testng.reporters.JUnitReportReporter -->
<testsuite hostname="DESKTOP-2F30NUD" failures="0" tests="4" name="basicTestCases.orangeHRMTest" time="8.626" errors="0" timestamp="2025-06-06T19:27:57 BST" skipped="0">
  <testcase classname="basicTestCases.orangeHRMTest" name="openApp" time="5.182"/>
  <testcase classname="basicTestCases.orangeHRMTest" name="testLogo" time="3.040"/>
  <testcase classname="basicTestCases.orangeHRMTest" name="login" time="0.218"/>
  <testcase classname="basicTestCases.orangeHRMTest" name="closeApp" time="0.186"/>
</testsuite> <!-- basicTestCases.orangeHRMTest -->
