<?xml version="1.0" encoding="UTF-8"?>
<!-- Generated by org.testng.reporters.JUnitReportReporter -->
<testsuite hostname="DESKTOP-2F30NUD" failures="0" tests="1" name="assertions.simpleAssertions" time="0.013" errors="0" timestamp="2025-06-09T21:40:30 BST" skipped="0">
  <testcase classname="assertions.simpleAssertions" name="testTitle" time="0.013"/>
</testsuite> <!-- assertions.simpleAssertions -->
