<?xml version="1.0" encoding="UTF-8"?>
<!-- Generated by org.testng.reporters.JUnitReportReporter -->
<testsuite hostname="DESKTOP-2F30NUD" failures="0" tests="1" name="pageObjectModel.loginTest" time="1.434" errors="0" timestamp="2025-07-07T21:44:12 BST" skipped="0">
  <testcase classname="pageObjectModel.loginTest" name="testLogin" time="1.434"/>
</testsuite> <!-- pageObjectModel.loginTest -->
