<?xml version="1.0" encoding="UTF-8"?>
<!-- Generated by org.testng.reporters.JUnitReportReporter -->
<testsuite hostname="DESKTOP-2F30NUD" failures="0" tests="2" name="annotations.classAnnotation" time="0.003" errors="0" timestamp="2025-06-09T19:12:12 BST" skipped="0">
  <testcase classname="annotations.classAnnotation" name="search" time="0.001"/>
  <testcase classname="annotations.classAnnotation" name="advSearch" time="0.002"/>
</testsuite> <!-- annotations.classAnnotation -->
