<?xml version="1.0" encoding="UTF-8"?>
<!-- Generated by org.testng.reporters.JUnitReportReporter -->
<testsuite hostname="DESKTOP-2F30NUD" failures="0" tests="3" name="basicTestCases.firstTestCase" time="0.013" errors="0" timestamp="2025-06-06T19:27:57 BST" skipped="0">
  <testcase classname="basicTestCases.firstTestCase" name="openApp" time="0.011"/>
  <testcase classname="basicTestCases.firstTestCase" name="login" time="0.001"/>
  <testcase classname="basicTestCases.firstTestCase" name="logout" time="0.001"/>
</testsuite> <!-- basicTestCases.firstTestCase -->
