<?xml version="1.0" encoding="UTF-8"?>
<!-- Generated by org.testng.reporters.JUnitReportReporter -->
<testsuite hostname="DESKTOP-2F30NUD" failures="0" tests="2" name="annotations.methodAnnotation" time="0.007" errors="0" timestamp="2025-06-09T19:12:12 BST" skipped="0">
  <testcase classname="annotations.methodAnnotation" name="search" time="0.003"/>
  <testcase classname="annotations.methodAnnotation" name="advSearch" time="0.004"/>
</testsuite> <!-- annotations.methodAnnotation -->
