<?xml version="1.0" encoding="UTF-8"?>
<!-- Generated by org.testng.reporters.JUnitReportReporter -->
<testsuite hostname="DESKTOP-2F30NUD" failures="0" tests="1" name="annotations.testAnnotation" time="0.007" errors="0" timestamp="2025-06-09T19:12:12 BST" skipped="0">
  <testcase classname="annotations.testAnnotation" name="search" time="0.007"/>
</testsuite> <!-- annotations.testAnnotation -->
