<?xml version="1.0" encoding="UTF-8"?>
<!-- Generated by org.testng.reporters.JUnitReportReporter -->
<testsuite hostname="DESKTOP-2F30NUD" failures="0" tests="2" name="assertions.hardVSsoftAssertions" time="0.034" errors="0" timestamp="2025-06-10T10:12:33 BST" skipped="0">
  <testcase classname="assertions.hardVSsoftAssertions" name="softAssertion" time="0.020"/>
  <testcase classname="assertions.hardVSsoftAssertions" name="hardAssertion" time="0.014"/>
</testsuite> <!-- assertions.hardVSsoftAssertions -->
